<?xml version="1.0" encoding="UTF-8"?>
<!-- Generated by org.testng.reporters.JUnitReportReporter -->
<testsuite skipped="0" hostname="QMAC0271.local" name="com.qa.test.SelfSigning" tests="2" failures="0" timestamp="2020-06-12T19:00:53 IST" time="89.400" errors="0">
  <testcase name="selfSigningUsingSignature" time="47.563" classname="com.qa.test.SelfSigning"/>
  <system-out/>
  <testcase name="selfSigningUsingDate" time="41.837" classname="com.qa.test.SelfSigning"/>
  <system-out/>
</testsuite> <!-- com.qa.test.SelfSigning -->
