<?xml version="1.0" encoding="UTF-8"?>
<!-- Generated by org.testng.reporters.JUnitReportReporter -->
<testsuite skipped="0" hostname="QMAC0271.local" name="com.qa.test.SigneasyLogin" tests="2" failures="0" timestamp="2020-06-12T18:18:54 IST" time="90.460" errors="0">
  <testcase name="selfSigningUsingSignature" time="47.375" classname="com.qa.test.SigneasyLogin"/>
  <system-out/>
  <testcase name="selfSigningUsingDate" time="43.085" classname="com.qa.test.SigneasyLogin"/>
  <system-out/>
</testsuite> <!-- com.qa.test.SigneasyLogin -->
