<?xml version="1.0" encoding="UTF-8"?>
<!-- Generated by org.testng.reporters.JUnitReportReporter -->
<testsuite skipped="0" hostname="QMAC0271.local" name="com.qa.test.SelfSigning" tests="2" failures="0" timestamp="2020-06-12T19:27:21 IST" time="91.666" errors="0">
  <testcase name="selfSigningUsingSignature" time="42.975" classname="com.qa.test.SelfSigning"/>
  <system-out/>
  <testcase name="selfSigningUsingDate" time="48.691" classname="com.qa.test.SelfSigning"/>
  <system-out/>
</testsuite> <!-- com.qa.test.SelfSigning -->
